<?xml version="1.0" encoding="UTF-8"?>
<!-- Generated by org.testng.reporters.JUnitReportReporter -->
<testsuite hostname="SL-CSETHI2" failures="0" tests="2" name="Academy.HomePage" time="8.066" errors="0" timestamp="10 Nov 2020 05:57:49 GMT">
  <testcase classname="Academy.HomePage" name="basePageNavigation" time="2.482"/>
  <testcase classname="Academy.HomePage" name="basePageNavigation" time="5.584"/>
</testsuite> <!-- Academy.HomePage -->
