<?xml version="1.0" encoding="UTF-8"?>
<!-- Generated by org.testng.reporters.JUnitReportReporter -->
<testsuite hostname="SL-CSETHI2" failures="0" tests="1" name="Academy.validateNavigationBar" time="0.082" errors="0" timestamp="10 Nov 2020 05:57:49 GMT">
  <testcase classname="Academy.validateNavigationBar" name="validateNavBar" time="0.082"/>
</testsuite> <!-- Academy.validateNavigationBar -->
