<?xml version="1.0" encoding="UTF-8"?>
<!-- Generated by org.testng.reporters.JUnitReportReporter -->
<testsuite hostname="SL-CSETHI2" failures="0" tests="1" name="Academy.validateNavigationBar" time="0.195" errors="0" timestamp="2 Nov 2020 15:55:33 GMT">
  <testcase classname="Academy.validateNavigationBar" name="validateNavBar" time="0.195"/>
</testsuite> <!-- Academy.validateNavigationBar -->
