<?xml version="1.0" encoding="UTF-8"?>
<!-- Generated by org.testng.reporters.JUnitReportReporter -->
<testsuite hostname="SL-CSETHI2" failures="0" tests="2" name="Academy.HomePage" time="11.829" errors="0" timestamp="2 Nov 2020 15:55:33 GMT">
  <testcase classname="Academy.HomePage" name="basePageNavigation" time="8.119"/>
  <testcase classname="Academy.HomePage" name="basePageNavigation" time="3.710"/>
</testsuite> <!-- Academy.HomePage -->
